C51 COMPILER V9.00   GPIO_KEY                                                              10/21/2017 15:29:33 PAGE 1   


C51 COMPILER V9.00, COMPILATION OF MODULE GPIO_KEY
OBJECT MODULE PLACED IN GPIO-KEY.OBJ
COMPILER INVOKED BY: C:\Keil\C51\BIN\C51.EXE GPIO-KEY.C BROWSE DEBUG OBJECTEXTEND

line level    source

   1          #include"reg51.h"
   2          typedef unsigned char u8;
   3          typedef unsigned int u16;
   4          
   5          #define GPIO_KEY P1
   6          #define GPIO_DIG P0
   7          
   8          sbit LSA=P2^2;
   9          sbit LSB=P2^3;
  10          sbit LSC=P2^4;
  11          
  12          u8 keyvalue;
  13          u8 a;
  14          u8 code smgduan[]={0x3f,0x06,0x5b,0x4f,0x66,0x6d,0x7d,0x07,
  15                                             0x7f,0x6f,0x77,0x7c,0x39,0x5e,0x79,0x71};
  16          
  17          void delay(u16 i)
  18          {
  19   1        while(i--);
  20   1      }
  21          
  22          void keydown()
  23          {
  24   1         GPIO_KEY=0x0f;
  25   1         if(GPIO_KEY!=0x0f)
  26   1         {
  27   2                delay(1000);
  28   2                if(GPIO_KEY!=0x0f)
  29   2                {
  30   3                       switch(GPIO_KEY)
  31   3                       {
  32   4                              case(0x07):keyvalue=0;break;
  33   4                              case(0x0b):keyvalue=4;break;
  34   4                              case(0x0d):keyvalue=8;break;
  35   4                              case(0x0e):keyvalue=12;break;
  36   4                       }
  37   3                GPIO_KEY=0xf0;
  38   3                        switch(GPIO_KEY)
  39   3                       {
  40   4                              case(0x70):keyvalue=keyvalue;break;
  41   4                              case(0xb0):keyvalue=keyvalue+1;break;
  42   4                              case(0xd0):keyvalue=keyvalue+2;break;
  43   4                              case(0xe0):keyvalue=keyvalue+3;break;
  44   4                       }
  45   3                       while(a<50&&(GPIO_KEY!=0xf0))
  46   3                       {
  47   4                              delay(1000);
  48   4                              a++;
  49   4                       }
  50   3                }
  51   2         }
  52   1      }
  53          
  54          void main()
  55          {
C51 COMPILER V9.00   GPIO_KEY                                                              10/21/2017 15:29:33 PAGE 2   

  56   1         while(1)
  57   1         {
  58   2            LSA=1;
  59   2                LSB=1;
  60   2                LSC=0;
  61   2                keydown();
  62   2                GPIO_DIG=smgduan[keyvalue];
  63   2         }
  64   1      }


MODULE INFORMATION:   STATIC OVERLAYABLE
   CODE SIZE        =    156    ----
   CONSTANT SIZE    =     16    ----
   XDATA SIZE       =   ----    ----
   PDATA SIZE       =   ----    ----
   DATA SIZE        =      2    ----
   IDATA SIZE       =   ----    ----
   BIT SIZE         =   ----    ----
END OF MODULE INFORMATION.


C51 COMPILATION COMPLETE.  0 WARNING(S),  0 ERROR(S)
