C51 COMPILER V9.00   MAIN                                                                  12/05/2017 21:32:19 PAGE 1   


C51 COMPILER V9.00, COMPILATION OF MODULE MAIN
OBJECT MODULE PLACED IN main.OBJ
COMPILER INVOKED BY: C:\Keil\C51\BIN\C51.EXE main.c BROWSE INCDIR(..\LCD4602œ‘ æ) DEBUG OBJECTEXTEND

line level    source

   1          #include "reg52.h"
   2          #include "1602.h"
*** ERROR C132 IN LINE 21 OF 1602.H: 'LCD_1602Init': not in formal parameter list
   3          
   4          
   5          
   6          void main()
   7          { RW = 0;
*** ERROR C132 IN LINE 7 OF MAIN.C: 'main': not in formal parameter list
*** ERROR C141 IN LINE 7 OF MAIN.C: syntax error near '{'
*** ERROR C136 IN LINE 7 OF MAIN.C: 'RW': 'void' on variable
*** ERROR C244 IN LINE 7 OF MAIN.C: 'RW': can't initialize, bad type or class
*** ERROR C136 IN LINE 7 OF MAIN.C: 'RW': 'void' on variable
*** ERROR C132 IN LINE 7 OF MAIN.C: 'RW': not in formal parameter list
   8            RS = 0;
*** ERROR C244 IN LINE 8 OF MAIN.C: 'RS': can't initialize, bad type or class
*** ERROR C132 IN LINE 8 OF MAIN.C: 'RS': not in formal parameter list
   9            
  10            EN = 0;
*** ERROR C244 IN LINE 10 OF MAIN.C: 'EN': can't initialize, bad type or class
*** ERROR C132 IN LINE 10 OF MAIN.C: 'EN': not in formal parameter list
  11             LCD_1602Init();
*** ERROR C132 IN LINE 11 OF MAIN.C: 'LCD_1602Init': not in formal parameter list
  12            
  13             LCDWrite_cmd (0xc0);
*** ERROR C141 IN LINE 13 OF MAIN.C: syntax error near '0xc0'
*** ERROR C132 IN LINE 13 OF MAIN.C: 'LCDWrite_cmd': not in formal parameter list
  14             LCDWrite_data('T');
*** ERROR C141 IN LINE 14 OF MAIN.C: syntax error near ''T''
*** ERROR C132 IN LINE 14 OF MAIN.C: 'LCDWrite_data': not in formal parameter list
  15             LCDWrite_cmd (0xc1);
*** ERROR C141 IN LINE 15 OF MAIN.C: syntax error near '0xc1'
*** ERROR C132 IN LINE 15 OF MAIN.C: 'LCDWrite_cmd': not in formal parameter list
  16             LCDWrite_data('e');
*** ERROR C141 IN LINE 16 OF MAIN.C: syntax error near ''e''
*** ERROR C132 IN LINE 16 OF MAIN.C: 'LCDWrite_data': not in formal parameter list
  17             LCDWrite_cmd (0xc2);
*** ERROR C141 IN LINE 17 OF MAIN.C: syntax error near '0xc2'
*** ERROR C132 IN LINE 17 OF MAIN.C: 'LCDWrite_cmd': not in formal parameter list
  18             LCDWrite_data('m');
*** ERROR C141 IN LINE 18 OF MAIN.C: syntax error near ''m''
*** ERROR C132 IN LINE 18 OF MAIN.C: 'LCDWrite_data': not in formal parameter list
  19             LCDWrite_cmd (0xc3);
*** ERROR C141 IN LINE 19 OF MAIN.C: syntax error near '0xc3'
*** ERROR C132 IN LINE 19 OF MAIN.C: 'LCDWrite_cmd': not in formal parameter list
  20             LCDWrite_data('p');
*** ERROR C141 IN LINE 20 OF MAIN.C: syntax error near ''p''
*** ERROR C132 IN LINE 20 OF MAIN.C: 'LCDWrite_data': not in formal parameter list
  21             LCDWrite_cmd (0xc4);
*** ERROR C141 IN LINE 21 OF MAIN.C: syntax error near '0xc4'
*** ERROR C132 IN LINE 21 OF MAIN.C: 'LCDWrite_cmd': not in formal parameter list
  22             LCDWrite_data(':');
*** ERROR C141 IN LINE 22 OF MAIN.C: syntax error near '':''
*** ERROR C132 IN LINE 22 OF MAIN.C: 'LCDWrite_data': not in formal parameter list
  23             while(1);
C51 COMPILER V9.00   MAIN                                                                  12/05/2017 21:32:19 PAGE 2   

*** ERROR C141 IN LINE 23 OF MAIN.C: syntax error near 'while'
*** ERROR C141 IN LINE 23 OF MAIN.C: syntax error near '1'
  24          }
  25          

C51 COMPILATION COMPLETE.  0 WARNING(S),  34 ERROR(S)
