C51 COMPILER V9.00   GPIO_KEY                                                              10/20/2017 11:09:36 PAGE 1   


C51 COMPILER V9.00, COMPILATION OF MODULE GPIO_KEY
OBJECT MODULE PLACED IN GPIO_key.OBJ
COMPILER INVOKED BY: C:\Keil\C51\BIN\C51.EXE GPIO_key.c BROWSE DEBUG OBJECTEXTEND

line level    source

   1          #include"reg51.h"
   2          typedef unsigned char u8;
   3          typedef unsigned int u16;
   4          
   5          sbit k1=P3^1;
   6          sbit k2=P3^0;
   7          sbit k3=P3^2;
   8          sbit k4=P3^3;
   9          sbit led1=P2^7;
  10          sbit led2=P2^5;
  11          sbit led3=P2^3;
  12          sbit led4=P2^1; 
  13          
  14          
  15          
  16          void delay(u16 i)
  17          {
  18   1         while(i--);
  19   1      }
  20          
  21          void keypros()
  22          {
  23   1         if(k1==0)
  24   1         {
  25   2                delay(1000);
  26   2                if(k1==0)
  27   2                {
  28   3                       led1=~led1;
  29   3                }
  30   2                while(!k1);
  31   2         }
  32   1                if(k2==0)
  33   1         {
  34   2                delay(1000);
  35   2                if(k2==0)
  36   2                {
  37   3                       led2=~led2;
  38   3                }
  39   2                while(!k2);
  40   2         }
  41   1         if(k3==0)
  42   1         {
  43   2                delay(1000);
  44   2                if(k3==0)
  45   2                {
  46   3                       led3=~led3;
  47   3                }
  48   2                while(!k3);
  49   2         }
  50   1         if(k4==0)
  51   1         {
  52   2                delay(1000);
  53   2                if(k4==0)
  54   2                {
  55   3                       led4=~led4;
C51 COMPILER V9.00   GPIO_KEY                                                              10/20/2017 11:09:36 PAGE 2   

  56   3                }
  57   2                while(!k4);
  58   2         }
  59   1      }
  60          
  61          
  62          void main()
  63          {
  64   1         while(1)
  65   1         {
  66   2         keypros();
  67   2              }
  68   1      }


MODULE INFORMATION:   STATIC OVERLAYABLE
   CODE SIZE        =     77    ----
   CONSTANT SIZE    =   ----    ----
   XDATA SIZE       =   ----    ----
   PDATA SIZE       =   ----    ----
   DATA SIZE        =   ----    ----
   IDATA SIZE       =   ----    ----
   BIT SIZE         =   ----    ----
END OF MODULE INFORMATION.


C51 COMPILATION COMPLETE.  0 WARNING(S),  0 ERROR(S)
