C51 COMPILER V9.00   MAIN                                                                  11/05/2017 20:38:00 PAGE 1   


C51 COMPILER V9.00, COMPILATION OF MODULE MAIN
OBJECT MODULE PLACED IN main.OBJ
COMPILER INVOKED BY: C:\Keil\C51\BIN\C51.EXE main.c BROWSE DEBUG OBJECTEXTEND

line level    source

   1          /*******************************************************
   2          *效果：烧录如果显示不正常，重新上电即可。按下矩阵键盘显示对应按键号
   3          *
   4          *
   5          *
   6          *********************************************************/
   7          
   8          #include<reg51.h>       
   9          #include"lcd.h"
  10          
  11          #define GPIO_KEY P1
  12          
  13          unsigned char KeyValue;
  14          //用来存放读取到的键值
  15          unsigned char KeyState;
  16          //用来存放按键状态
  17          unsigned char PuZh[]=" Pechin Science ";
  18          unsigned char dat[]="0123456789ABCDEF";
  19          void Delay10ms();   //延时50us
  20          void KeyDown();          //检测按键函数
  21           
  22          /*******************************************************************************
  23          * 函 数 名         : main
  24          * 函数功能                 : 主函数
  25          * 输    入         : 无
  26          * 输    出         : 无
  27          *******************************************************************************/
  28          void main(void)
  29          {
  30   1              unsigned char i;
  31   1              LcdInit();
  32   1              KeyState=0;
  33   1              for(i=0;i<16;i++)
  34   1              {
  35   2      //              LcdWriteCom(0x80);
  36   2                      LcdWriteData(PuZh[i]);  
  37   2              }
  38   1              while(1)
  39   1              {
  40   2                      KeyDown();
  41   2                      if(KeyState)
  42   2                      {
  43   3                              KeyState=0;
  44   3                              LcdWriteCom(0x80+0x40);
  45   3                              LcdWriteData(dat[KeyValue]);
  46   3                      }
  47   2              }                               
  48   1      }
  49          /*******************************************************************************
  50          * 函 数 名         : KeyDown
  51          * 函数功能                 : 检测有按键按下并读取键值
  52          * 输    入         : 无
  53          * 输    出         : 无
  54          *******************************************************************************/
  55          void KeyDown(void)
C51 COMPILER V9.00   MAIN                                                                  11/05/2017 20:38:00 PAGE 2   

  56          {
  57   1              char a;
  58   1              GPIO_KEY=0x0f;
  59   1              if(GPIO_KEY!=0x0f)
  60   1              {
  61   2                      Delay10ms();
  62   2                      if(GPIO_KEY!=0x0f)
  63   2                      {
  64   3                              KeyState=1;
  65   3                              //测试列
  66   3                              GPIO_KEY=0X0F;
  67   3      //                      Delay10ms();
  68   3                              switch(GPIO_KEY)
  69   3                              {
  70   4                                      case(0X07):     KeyValue=0;break;
  71   4                                      case(0X0b):     KeyValue=1;break;
  72   4                                      case(0X0d): KeyValue=2;break;
  73   4                                      case(0X0e):     KeyValue=3;break;
  74   4      //                              default:        KeyValue=17;    //检测出错回复17意思是把数码管全灭掉。
  75   4                              }
  76   3                              //测试行
  77   3                              GPIO_KEY=0XF0;
  78   3                              Delay10ms();
  79   3                              switch(GPIO_KEY)
  80   3                              {
  81   4                                      case(0X70):     KeyValue=KeyValue;break;
  82   4                                      case(0Xb0):     KeyValue=KeyValue+4;break;
  83   4                                      case(0Xd0): KeyValue=KeyValue+8;break;
  84   4                                      case(0Xe0):     KeyValue=KeyValue+12;break;
  85   4      //                              default:        KeyValue=17;
  86   4                              }
  87   3                              while((a<50)&&(GPIO_KEY!=0xf0))  //检测按键松手检测
  88   3                              {
  89   4                                      Delay10ms();
  90   4                                      a++;
  91   4                              }
  92   3                              a=0;
  93   3                      }
  94   2              }
  95   1      }
  96          /*******************************************************************************
  97          * 函 数 名         : Delay10ms
  98          * 函数功能                 : 延时函数，延时10ms
  99          * 输    入         : 无
 100          * 输    出         : 无
 101          *******************************************************************************/
 102          void Delay10ms(void)   //误差 0us
 103          {
 104   1          unsigned char a,b,c;
 105   1          for(c=1;c>0;c--)
 106   1              for(b=38;b>0;b--)
 107   1                  for(a=130;a>0;a--);
 108   1      }


MODULE INFORMATION:   STATIC OVERLAYABLE
   CODE SIZE        =    197    ----
   CONSTANT SIZE    =   ----    ----
   XDATA SIZE       =   ----    ----
   PDATA SIZE       =   ----    ----
   DATA SIZE        =     36       2
   IDATA SIZE       =   ----    ----
C51 COMPILER V9.00   MAIN                                                                  11/05/2017 20:38:00 PAGE 3   

   BIT SIZE         =   ----    ----
END OF MODULE INFORMATION.


C51 COMPILATION COMPLETE.  0 WARNING(S),  0 ERROR(S)
