C51 COMPILER V9.00   KEYPROS                                                               10/20/2017 10:06:27 PAGE 1   


C51 COMPILER V9.00, COMPILATION OF MODULE KEYPROS
OBJECT MODULE PLACED IN keypros.OBJ
COMPILER INVOKED BY: C:\Keil\C51\BIN\C51.EXE keypros.c BROWSE DEBUG OBJECTEXTEND

line level    source

   1          #include"reg52.h"
   2          typedef unsigned char u8;
   3          typedef unsigned int u16;
   4          
   5          sbit LSA=P2^2;
   6          sbit LSB=P2^3;
   7          sbit LSC=P2^4;
   8          
   9          u8 code smgduan[]={0x3f,0x06,0x5b,0x4f,0x66,0x6d,0x7d,0x07,
  10                                                  0x7f,0x6f,0x77,0x7c,0x39,0x5e,0x79,0x71};
  11          
  12          void delay(u16 i)
  13          {
  14   1         while(i--);
  15   1      }
  16          
  17          #define GPIO_KEY P1
  18          #define GPIO_DIG P0
  19          
  20          u8 keyvalue;
  21          u8 a;
  22          
  23          void keydown()
  24          {
  25   1        GPIO_KEY=0x0f;
  26   1        if(GPIO_KEY!=0x0f)
  27   1        {
  28   2               delay(1000);
  29   2               if(GPIO_KEY!=0)
  30   2               {
  31   3                 GPIO_KEY=0x0f;
  32   3                 switch(GPIO_KEY)
  33   3                 {
  34   4                       case(0x07):keyvalue=0;break;
  35   4                       case(0x0b):keyvalue=1;break;
  36   4                       case(0x0d):keyvalue=2;break;
  37   4                       case(0x0e):keyvalue=3;break;
  38   4                 }
  39   3                   GPIO_KEY=0xf0;
  40   3                       switch(GPIO_KEY)
  41   3                 {
  42   4                       case(0x70):keyvalue=keyvalue;break;
  43   4                       case(0xb0):keyvalue=keyvalue+4;break;
  44   4                       case(0xd0):keyvalue=keyvalue+8;break;
  45   4                       case(0xe0):keyvalue=keyvalue+12;break;
  46   4                 }
  47   3                 while(a<50&&(GPIO_KEY!=0xf0))
  48   3                 {
  49   4                        delay(1000);
  50   4                        a++;
  51   4                 }
  52   3      
  53   3               }
  54   2        }
  55   1      }
C51 COMPILER V9.00   KEYPROS                                                               10/20/2017 10:06:27 PAGE 2   

  56          void main()
  57          {
  58   1       LSA=0;
  59   1       LSB=0;
  60   1       LSC=0;
  61   1       while(1)
  62   1       {
  63   2              keydown();
  64   2              GPIO_DIG=smgduan[keyvalue];
  65   2       }
  66   1      }


MODULE INFORMATION:   STATIC OVERLAYABLE
   CODE SIZE        =    155    ----
   CONSTANT SIZE    =     16    ----
   XDATA SIZE       =   ----    ----
   PDATA SIZE       =   ----    ----
   DATA SIZE        =      2    ----
   IDATA SIZE       =   ----    ----
   BIT SIZE         =   ----    ----
END OF MODULE INFORMATION.


C51 COMPILATION COMPLETE.  0 WARNING(S),  0 ERROR(S)
