C51 COMPILER V9.00   MAIN                                                                  11/06/2017 16:59:09 PAGE 1   


C51 COMPILER V9.00, COMPILATION OF MODULE MAIN
OBJECT MODULE PLACED IN main.OBJ
COMPILER INVOKED BY: C:\Keil\C51\BIN\C51.EXE main.c BROWSE DEBUG OBJECTEXTEND

line level    source

   1          #include "reg52.h"
   2          
   3          typedef unsigned char u8;
   4          typedef unsigned int u16;
   5          
   6          sbit k1 = P3^1;
   7          sbit k2 = P3^0;
   8          
   9          sbit LSA = P2^2;
  10          sbit LSB = P2^3;
  11          sbit LSC = P2^4;
  12          
  13          u8 disp[3];
  14          u8 code smgduan[]={0x3f,0x06,0x5b,0x4f,0x66,0x6d,0x7d,0x07,
  15                                                  0x7f,0x6f,0x77,0x7c,0x39,0x5e,0x79,0x71};
  16          
  17          u8 num;
  18          
  19          void delay(u16 i)
  20          {
  21   1         while(i--);
  22   1      }
  23          
  24          void keypros()
  25          {
  26   1         if(k1 == 0)
  27   1         {
  28   2                delay(1000);
  29   2                if(k1 == 0)
  30   2                   {
  31   3                               num++;
  32   3                       }
  33   2                       while(!k1);
  34   2         }
  35   1         if(k2 == 0)
  36   1         {
  37   2                 delay(1000);
  38   2                 if(k2 == 0)
  39   2                 {
  40   3                      num = 0;
  41   3                 }
  42   2                 while(!k2);
  43   2         }
  44   1      }
  45          
  46          void datapros()
  47          {
  48   1         disp[0] = num%100%10;
  49   1         disp[1] = num%100/10;
  50   1         disp[2] = num/100;
  51   1      }
  52          
  53          void display()
  54          {
  55   1              u8 i;
C51 COMPILER V9.00   MAIN                                                                  11/06/2017 16:59:09 PAGE 2   

  56   1              for(i=0; i<2; i++)
  57   1              {
  58   2                 switch(i)
  59   2                 {
  60   3                         case(0):LSA = 0; LSB = 0; LSC = 0;break;
  61   3                         case(1):LSA = 1; LSB = 0; LSC = 0;break;
  62   3                         case(2):LSA = 0; LSB = 1; LSC = 0;break;
  63   3                 }
  64   2                 P0 = smgduan[disp[i]];
  65   2                 delay(1000);
  66   2                 P0 = 0x00;
  67   2              }
  68   1      
  69   1      }
  70          
  71          void main()
  72          {
  73   1              while(1)
  74   1              {
  75   2                 keypros();
  76   2                 datapros();
  77   2                 display();
  78   2              }
  79   1      }


MODULE INFORMATION:   STATIC OVERLAYABLE
   CODE SIZE        =    141    ----
   CONSTANT SIZE    =     16    ----
   XDATA SIZE       =   ----    ----
   PDATA SIZE       =   ----    ----
   DATA SIZE        =      4    ----
   IDATA SIZE       =   ----    ----
   BIT SIZE         =   ----    ----
END OF MODULE INFORMATION.


C51 COMPILATION COMPLETE.  0 WARNING(S),  0 ERROR(S)
