C51 COMPILER V9.00   WATER_LED                                                             10/09/2017 23:54:12 PAGE 1   


C51 COMPILER V9.00, COMPILATION OF MODULE WATER_LED
OBJECT MODULE PLACED IN Water-LED.OBJ
COMPILER INVOKED BY: C:\Keil\C51\BIN\C51.EXE Water-LED.c BROWSE DEBUG OBJECTEXTEND

line level    source

   1          #include"reg52.h"
   2          typedef unsigned char u8;
   3          typedef unsigned int u16;
   4          
   5          sbit led1=P2^0;
   6          sbit led2=P2^1;
   7          sbit led3=P2^2;
   8          sbit led4=P2^3;
   9          sbit led5=P2^4;
  10          sbit led6=P2^5;
  11          sbit led7=P2^6;
  12          sbit led8=P2^7;
  13          
  14          
  15          void delay(u16 num)
  16          {
  17   1        u16 x,y;
  18   1        for(x=num;x>0;x--)
  19   1        for(y=110;y>0;y--);
  20   1      }
  21          
  22          void Display()
  23          {
  24   1         u8 i;
  25   1         for(i=0;i<8;i++)
  26   1         {
  27   2                switch(i)
  28   2                {
  29   3                       case(0):led8=0;delay(500);led8=1;break;
  30   3                       case(1):led7=0;delay(500);led7=1;break;
  31   3                       case(2):led6=0;delay(500);led6=1;break;
  32   3                       case(3):led5=0;delay(500);led5=1;break;
  33   3                       case(4):led4=0;delay(500);led4=1;break;
  34   3                       case(5):led3=0;delay(500);led3=1;break;
  35   3                       case(6):led2=0;delay(500);led2=1;break;
  36   3                       case(7):led1=0;delay(500);led1=1;break;
  37   3                }
  38   2         }
  39   1      } 
  40          void main()
  41          {
  42   1        while(1)
  43   1        {
  44   2                P2=0xff;
  45   2              Display();
  46   2        }
  47   1      }


MODULE INFORMATION:   STATIC OVERLAYABLE
   CODE SIZE        =    158    ----
   CONSTANT SIZE    =   ----    ----
   XDATA SIZE       =   ----    ----
   PDATA SIZE       =   ----    ----
   DATA SIZE        =   ----    ----
C51 COMPILER V9.00   WATER_LED                                                             10/09/2017 23:54:12 PAGE 2   

   IDATA SIZE       =   ----    ----
   BIT SIZE         =   ----    ----
END OF MODULE INFORMATION.


C51 COMPILATION COMPLETE.  0 WARNING(S),  0 ERROR(S)
