C51 COMPILER V9.00   LED_DISPLAY                                                           10/08/2017 18:06:14 PAGE 1   


C51 COMPILER V9.00, COMPILATION OF MODULE LED_DISPLAY
OBJECT MODULE PLACED IN led-display.OBJ
COMPILER INVOKED BY: C:\Keil\C51\BIN\C51.EXE led-display.c BROWSE DEBUG OBJECTEXTEND

line level    source

   1          #include"reg51.h"
   2          typedef unsigned char u8;
   3          typedef unsigned int u16;
   4          
   5          sbit LSA=P2^2;                                                                    //端口定义
   6          sbit LSB=P2^3;
   7          sbit LSC=P2^4;
   8          
   9          void delay(u16 num)
  10          {
  11   1        unsigned x,y;
  12   1        for(x=num;x>0;x--)
  13   1        for(y=110;y>0;y--);
  14   1      }
  15          
  16          
  17          u8 code smgduan[]={0x3f,0x06,0x5b,0x4f,0x66,0x6d,0x7d,0x07,
  18                                                  0x7f,0x6f,0x77,0x7c,0x39,0x5e,0x79,0x71};//显示0~F的值
  19          void DigDisplay()
  20          {
  21   1        u8 i;
  22   1        for(i=0;i<8;i++)
  23   1        {
  24   2        switch(i)      //位选，选择点亮的数码管，
  25   2                      {
  26   3                              case(0):
  27   3                                      LSA=0;LSB=0;LSC=0; break;//显示第0位
  28   3                              case(1):
  29   3                                      LSA=1;LSB=0;LSC=0; break;//显示第1位
  30   3                              case(2):
  31   3                                      LSA=0;LSB=1;LSC=0; break;//显示第2位
  32   3                              case(3):
  33   3                                      LSA=1;LSB=1;LSC=0; break;//显示第3位
  34   3                              case(4):
  35   3                                      LSA=0;LSB=0;LSC=1; break;//显示第4位
  36   3                              case(5):
  37   3                                      LSA=1;LSB=0;LSC=1; break;//显示第5位
  38   3                              case(6):
  39   3                                      LSA=0;LSB=1;LSC=1; break;//显示第6位
  40   3                              case(7):
  41   3                                      LSA=1;LSB=1;LSC=1; break;//显示第7位    
  42   3                      }
  43   2                      P0=smgduan[i];//发送段码
  44   2                      delay(200); //间隔一段时间扫描  
  45   2                      P0=0x00;//消隐
  46   2         }
  47   1      }
  48          void main()
  49          {
  50   1        while(1)
  51   1        {
  52   2          DigDisplay();
  53   2        }
  54   1      }
  55          
C51 COMPILER V9.00   LED_DISPLAY                                                           10/08/2017 18:06:14 PAGE 2   



MODULE INFORMATION:   STATIC OVERLAYABLE
   CODE SIZE        =    144    ----
   CONSTANT SIZE    =     16    ----
   XDATA SIZE       =   ----    ----
   PDATA SIZE       =   ----    ----
   DATA SIZE        =   ----    ----
   IDATA SIZE       =   ----    ----
   BIT SIZE         =   ----    ----
END OF MODULE INFORMATION.


C51 COMPILATION COMPLETE.  0 WARNING(S),  0 ERROR(S)
