C51 COMPILER V9.00   MAIN                                                                  11/05/2017 19:41:16 PAGE 1   


C51 COMPILER V9.00, COMPILATION OF MODULE MAIN
OBJECT MODULE PLACED IN main.OBJ
COMPILER INVOKED BY: C:\Keil\C51\BIN\C51.EXE main.c BROWSE DEBUG OBJECTEXTEND

line level    source

   1          #include "reg52.h"
   2          
   3          typedef unsigned char u8;
   4          typedef unsigned int u16;
   5          
   6          #define LED P2
   7          
   8          void delay(u16 i)
   9          {
  10   1         while(i--);
  11   1      }
  12          
  13          void main(void)
  14          {
  15   1         u8 i;
  16   1         u8 dat ;
  17   1         while(1)
  18   1         {
  19   2                dat = 0xfe;
  20   2            for(i=0; i<8; i++)
  21   2                {       
  22   3                   LED = dat;
  23   3                   dat = (dat<<1)|0x01;
  24   3                       delay(10000);
  25   3                       if(dat==0x7f) break;
  26   3                }
  27   2                for(i=0; i<8; i++)
  28   2                {
  29   3                       LED = dat;
  30   3                       dat = (dat>>1)|0x80;
  31   3                       delay(10000);
  32   3                       if(dat==0xfe) break;
  33   3                }
  34   2                for(i=0; i<8;i++)
  35   2                {
  36   3                       LED = dat;
  37   3                       dat=dat<<1;
  38   3                       delay(10000);
  39   3                       if(dat==0x00) break; 
  40   3                }
  41   2                dat = 0x7f;
  42   2            for(i=0;i<8;i++)
  43   2            {
  44   3                        LED = dat;
  45   3                        dat=dat>>1;
  46   3                        delay(10000);
  47   3            }
  48   2                dat = 0x3f;
  49   2                for(i=0;i<4;i++)
  50   2                {
  51   3                        LED = dat;
  52   3                        dat=(dat>>2)|0xc0;
  53   3                        delay(100000);
  54   3                        if(dat == 0xfc) break;
  55   3                }
C51 COMPILER V9.00   MAIN                                                                  11/05/2017 19:41:16 PAGE 2   

  56   2                for(i=0;i<4;i++)
  57   2                {
  58   3                        LED = dat;
  59   3                        dat = (dat<<2)|0x03;
  60   3                        delay(100000);
  61   3                }
  62   2         }
  63   1      }


MODULE INFORMATION:   STATIC OVERLAYABLE
   CODE SIZE        =    151    ----
   CONSTANT SIZE    =   ----    ----
   XDATA SIZE       =   ----    ----
   PDATA SIZE       =   ----    ----
   DATA SIZE        =   ----    ----
   IDATA SIZE       =   ----    ----
   BIT SIZE         =   ----    ----
END OF MODULE INFORMATION.


C51 COMPILATION COMPLETE.  0 WARNING(S),  0 ERROR(S)
