C51 COMPILER V9.00   MAIN                                                                  12/23/2017 21:24:24 PAGE 1   


C51 COMPILER V9.00, COMPILATION OF MODULE MAIN
OBJECT MODULE PLACED IN main.OBJ
COMPILER INVOKED BY: C:\Keil\C51\BIN\C51.EXE main.c BROWSE DEBUG OBJECTEXTEND

line level    source

   1          
   2          
   3          #include "reg52.h"                       //此文件中定义了单片机的一些特殊功能寄存器
   4          #include "SoundPlay.h"
   5          #include"music.h"
   6          
   7          typedef unsigned int u16;         //对数据类型进行声明定义
   8          typedef unsigned char u8;
   9          sbit k1 = P3^0;
  10          sbit k2 = P3^1;
  11          sbit k3 = P3^2;
  12          
  13          
  14          
  15          void Delay1ms(unsigned int count)
  16          {
  17   1              unsigned int i,j;
  18   1              for(i=0;i<count;i++)
  19   1              for(j=0;j<120;j++);
  20   1      }
  21          
  22          u8 key_scan()
  23          {
  24   1                      if(k1==0)
  25   1                      {
  26   2                         Delay1ms(10);
  27   2                         if(k1==0)
  28   2                         {
  29   3                              return 1;
  30   3                         }
  31   2                      }
  32   1      
  33   1                              if(k2==0)
  34   1                      {
  35   2                         Delay1ms(10);
  36   2                         if(k2==0)
  37   2                         {
  38   3                              return 2;
  39   3                         }
  40   2                      }
  41   1      
  42   1                              if(k3==0)
  43   1                      {
  44   2                         Delay1ms(10);
  45   2                         if(k3==0)
  46   2                         {
  47   3                               return 3;
  48   3                         }
  49   2                      }
  50   1              
  51   1      }
  52          void main()
  53          {
  54   1          u8 key;
  55   1              InitialSound();
C51 COMPILER V9.00   MAIN                                                                  12/23/2017 21:24:24 PAGE 2   

  56   1              while(1)
  57   1              {
  58   2                 key = key_scan();
  59   2                 switch(key)
  60   2                 {
  61   3                     case(1):
  62   3                               
  63   3                                           Play(Music_Girl,0,3,360); break;
  64   3                                         
  65   3                         case(2):
  66   3                                            Play(Music_Same,0,3,360);break;
  67   3                                         
  68   3                         case(3):
  69   3                                            Play(Music_Two,0,3,360);break;
  70   3                                        
  71   3                 } 
  72   2              }
  73   1      }
*** WARNING C291 IN LINE 51 OF MAIN.C: not every exit path returns a value


MODULE INFORMATION:   STATIC OVERLAYABLE
   CODE SIZE        =    899    ----
   CONSTANT SIZE    =    936    ----
   XDATA SIZE       =   ----    ----
   PDATA SIZE       =   ----    ----
   DATA SIZE        =      6      51
   IDATA SIZE       =   ----    ----
   BIT SIZE         =   ----    ----
END OF MODULE INFORMATION.


C51 COMPILATION COMPLETE.  1 WARNING(S),  0 ERROR(S)
