C51 COMPILER V9.00   BUZZER                                                                10/15/2017 18:34:00 PAGE 1   


C51 COMPILER V9.00, COMPILATION OF MODULE BUZZER
OBJECT MODULE PLACED IN buzzer.OBJ
COMPILER INVOKED BY: C:\Keil\C51\BIN\C51.EXE buzzer.c BROWSE DEBUG OBJECTEXTEND

line level    source

   1          #include"reg52.h"
   2          typedef unsigned char u8;
   3          typedef unsigned int u16;
   4          sbit beep=P1^5;
   5          
   6          void delay(u16 num)
   7          {
   8   1        u16 x,y;
   9   1        for(x=num;x>0;x--)
  10   1        for(y=110;y>0;y--);
  11   1      }
  12          
  13          void main()
  14          {
  15   1        while(1)
  16   1        {
  17   2              beep=~beep;
  18   2              delay(100);
  19   2        }
  20   1      }


MODULE INFORMATION:   STATIC OVERLAYABLE
   CODE SIZE        =     41    ----
   CONSTANT SIZE    =   ----    ----
   XDATA SIZE       =   ----    ----
   PDATA SIZE       =   ----    ----
   DATA SIZE        =   ----    ----
   IDATA SIZE       =   ----    ----
   BIT SIZE         =   ----    ----
END OF MODULE INFORMATION.


C51 COMPILATION COMPLETE.  0 WARNING(S),  0 ERROR(S)
