C51 COMPILER V9.00   MAIN                                                                  10/22/2017 20:25:05 PAGE 1   


C51 COMPILER V9.00, COMPILATION OF MODULE MAIN
OBJECT MODULE PLACED IN main.OBJ
COMPILER INVOKED BY: C:\Keil\C51\BIN\C51.EXE main.c BROWSE DEBUG OBJECTEXTEND

line level    source

   1          #include"reg51.h" 
   2          
   3          typedef unsigned char u8;
   4          typedef unsigned int u16;
   5          
   6          sbit led=P2^7;
   7          sbit k4=P3^3;
   8          void delay(u16 i)
   9          {
  10   1        while(i--);
  11   1      }
  12          
  13          void Int1Init()                    //中断响应条件
  14          {
  15   1         IT1=1;
  16   1         EX1=1;
  17   1         EA=1;
  18   1      }
  19          
  20          void main()
  21          {
  22   1         Int1Init();
  23   1         while(1);
  24   1      }
  25          
  26          void Int1() interrupt 2           //中断函数
  27          {
  28   1              delay(1000);
  29   1              if(k4==0)
  30   1              {
  31   2                 led=~led;
  32   2              }
  33   1      }       


MODULE INFORMATION:   STATIC OVERLAYABLE
   CODE SIZE        =     59    ----
   CONSTANT SIZE    =   ----    ----
   XDATA SIZE       =   ----    ----
   PDATA SIZE       =   ----    ----
   DATA SIZE        =   ----    ----
   IDATA SIZE       =   ----    ----
   BIT SIZE         =   ----    ----
END OF MODULE INFORMATION.


C51 COMPILATION COMPLETE.  0 WARNING(S),  0 ERROR(S)
