C51 COMPILER V9.00   USART                                                                 11/03/2017 13:24:58 PAGE 1   


C51 COMPILER V9.00, COMPILATION OF MODULE USART
OBJECT MODULE PLACED IN Usart.OBJ
COMPILER INVOKED BY: C:\Keil\C51\BIN\C51.EXE Usart.c BROWSE DEBUG OBJECTEXTEND

line level    source

   1          #include"reg51.h"
   2          
   3          typedef unsigned char u8;
   4          typedef unsigned int u16;
   5          
   6          sbit led=P2^0;
   7          
   8          
   9          void UsartInit()
  10          {
  11   1         TMOD=0x20;    //定时器选择方式2
  12   1         TH1=0xf3;
  13   1         TL1=0xf3;       //波特率为7200bps
  14   1         TR1=1;                //定时器1启动
  15   1         SCON=0x50;   //串口控制寄存器
  16   1         PCON=0x80;     //波特率翻倍
  17   1         ES=1;          //串口中断允许
  18   1         EA=1;          //总开关允许
  19   1      }
  20          
  21          void main()
  22          { 
  23   1         UsartInit();
  24   1         while(1);
  25   1      }
  26          
  27          void Usart() interrupt 4
  28          {
  29   1              u8 recieveData;
  30   1              recieveData=SBUF;
  31   1              RI=0;
  32   1              SBUF=recieveData;
  33   1                      if(recieveData==1) led=0;
  34   1              while(!TI);
  35   1      
  36   1              TI=0;
  37   1      }


MODULE INFORMATION:   STATIC OVERLAYABLE
   CODE SIZE        =     55    ----
   CONSTANT SIZE    =   ----    ----
   XDATA SIZE       =   ----    ----
   PDATA SIZE       =   ----    ----
   DATA SIZE        =   ----    ----
   IDATA SIZE       =   ----    ----
   BIT SIZE         =   ----    ----
END OF MODULE INFORMATION.


C51 COMPILATION COMPLETE.  0 WARNING(S),  0 ERROR(S)
