C51 COMPILER V9.00   MULTI_LEDS                                                            10/09/2017 23:50:13 PAGE 1   


C51 COMPILER V9.00, COMPILATION OF MODULE MULTI_LEDS
OBJECT MODULE PLACED IN multi-leds.OBJ
COMPILER INVOKED BY: C:\Keil\C51\BIN\C51.EXE multi-leds.c BROWSE DEBUG OBJECTEXTEND

line level    source

   1          #include<reg52.h>
   2          typedef unsigned int u16;
   3          typedef unsigned char u8;
   4          sbit led1=P2^0;
   5          sbit led2=P2^1;
   6          sbit led3=P2^2;
   7          sbit led4=P2^3;
   8          sbit led5=P2^4;
   9          sbit led6=P2^5;
  10          sbit led7=P2^6;
  11          sbit led8=P2^7;
  12          void delay(u16 num)
  13          {
  14   1         u16 x,y;
  15   1         for(x=num;x>0;x--)
  16   1         for(y=110;y>0;y--);
  17   1      }
  18          void main(void)
  19          {
  20   1              while(1)
  21   1              {
  22   2                 led8=0;
  23   2                 delay(500);
  24   2                 led8=1;
  25   2                 delay(500);
  26   2                 led7=0;
  27   2                 delay(500);
  28   2                 led7=1;
  29   2                 delay(500);
  30   2                 led6=0;
  31   2                 delay(500);
  32   2                 led6=1;
  33   2                 delay(500);
  34   2                 led5=0;
  35   2                 delay(500);
  36   2                 led5=1;
  37   2                 delay(500);
  38   2                 led4=0;
  39   2                 delay(500);
  40   2                 led4=1;
  41   2                 delay(500);
  42   2                 led3=0;
  43   2                 delay(500);
  44   2                 led3=1;
  45   2                 delay(500);
  46   2                 led2=0;
  47   2                 delay(500);
  48   2                 led2=1;
  49   2                 delay(500);
  50   2                 led1=0;
  51   2                 delay(500);
  52   2                 led1=1;
  53   2                 delay(500);
  54   2              }
  55   1      }
C51 COMPILER V9.00   MULTI_LEDS                                                            10/09/2017 23:50:13 PAGE 2   

  56          


MODULE INFORMATION:   STATIC OVERLAYABLE
   CODE SIZE        =    117    ----
   CONSTANT SIZE    =   ----    ----
   XDATA SIZE       =   ----    ----
   PDATA SIZE       =   ----    ----
   DATA SIZE        =   ----    ----
   IDATA SIZE       =   ----    ----
   BIT SIZE         =   ----    ----
END OF MODULE INFORMATION.


C51 COMPILATION COMPLETE.  0 WARNING(S),  0 ERROR(S)
