C51 COMPILER V9.00   MAIN                                                                  11/11/2017 12:55:10 PAGE 1   


C51 COMPILER V9.00, COMPILATION OF MODULE MAIN
OBJECT MODULE PLACED IN main.OBJ
COMPILER INVOKED BY: C:\Keil\C51\BIN\C51.EXE main.c BROWSE DEBUG OBJECTEXTEND

line level    source

   1          
   2          
   3          #include "reg52.h"                       //此文件中定义了单片机的一些特殊功能寄存器
   4          
   5          typedef unsigned int u16;         //对数据类型进行声明定义
   6          typedef unsigned char u8;
   7          
   8          sbit LSA=P2^2;
   9          sbit LSB=P2^3;
  10          sbit LSC=P2^4;
  11          
  12          u8 code smgduan[17]={0x3f,0x06,0x5b,0x4f,0x66,0x6d,0x7d,0x07,
  13                                                  0x7f,0x6f,0x77,0x7c,0x39,0x5e,0x79,0x71};//显示0~F的值
  14          
  15          u8 sec=0,min=55,hour=12;
  16          u16 time;
  17          u8 DisplayData[8];
  18          /*******************************************************************************
  19          * 函 数 名         : delay
  20          * 函数功能                 : 延时函数，i=1时，大约延时10us
  21          *******************************************************************************/
  22          void delay(u16 i)
  23          {
  24   1              while(i--);     
  25   1      }
  26          
  27          /*******************************************************************************
  28          * 函 数 名         : Timer0Init
  29          * 函数功能                 : 定时器0初始化
  30          * 输    入         : 无
  31          * 输    出         : 无
  32          *******************************************************************************/
  33          void Timer0Init()
  34          {
  35   1              TMOD|=0X01;//选择为定时器0模式，工作方式1，仅用TR0打开启动。
  36   1      
  37   1              TH0=0Xfc;       //给定时器赋初值，定时1ms
  38   1              TL0=0X18;       
  39   1              ET0=1;//打开定时器0中断允许
  40   1              EA=1;//打开总中断
  41   1              TR0=1;//打开定时器                      
  42   1      }
  43          
  44          
  45          /*******************************************************************************
  46          * 函 数 名         : DigDisplay
  47          * 函数功能                 : 数码管动态扫描函数，循环扫描8个数码管显示
  48          *******************************************************************************/
  49          void DigDisplay()
  50          {
  51   1              u8 i;
  52   1              for(i=0;i<8;i++)
  53   1              {
  54   2                      switch(i)        //位选，选择点亮的数码管，
  55   2                      {
C51 COMPILER V9.00   MAIN                                                                  11/11/2017 12:55:10 PAGE 2   

  56   3                              case(0):
  57   3                                      LSA=0;LSB=0;LSC=0; break;//显示第0位
  58   3                              case(1):
  59   3                                      LSA=1;LSB=0;LSC=0; break;//显示第1位
  60   3                              case(2):
  61   3                                      LSA=0;LSB=1;LSC=0; break;//显示第2位
  62   3                              case(3):
  63   3                                      LSA=1;LSB=1;LSC=0; break;//显示第3位
  64   3                              case(4):
  65   3                                      LSA=0;LSB=0;LSC=1; break;//显示第4位
  66   3                              case(5):
  67   3                                      LSA=1;LSB=0;LSC=1; break;//显示第5位
  68   3                              case(6):
  69   3                                      LSA=0;LSB=1;LSC=1; break;//显示第6位
  70   3                              case(7):
  71   3                                      LSA=1;LSB=1;LSC=1; break;//显示第7位    
  72   3                      }
  73   2                      P0=DisplayData[i];//发送段码
  74   2                      delay(100); //间隔一段时间扫描  
  75   2                      P0=0x00;//消隐
  76   2              }
  77   1      }
  78          
  79          void datapros()
  80          {
  81   1              DisplayData[0]=smgduan[sec%10];
  82   1              DisplayData[1]=smgduan[sec/10];
  83   1              DisplayData[2]=0x40;    
  84   1              DisplayData[3]=smgduan[min%10];
  85   1              DisplayData[4]=smgduan[min/10];
  86   1              DisplayData[5]=0x40;
  87   1              DisplayData[6]=smgduan[hour%10];
  88   1              DisplayData[7]=smgduan[hour/10];
  89   1      }
  90          /*******************************************************************************
  91          * 函 数 名       : main
  92          * 函数功能               : 主函数
  93          * 输    入       : 无
  94          * 输    出       : 无
  95          *******************************************************************************/
  96          void main()
  97          {       
  98   1              Timer0Init();  //定时器0初始化
  99   1              while(1)
 100   1              {
 101   2                      datapros();
 102   2                      DigDisplay();   
 103   2              }               
 104   1      }
 105          
 106          /*******************************************************************************
 107          * 函 数 名         : void Timer0() interrupt 1
 108          * 函数功能                 : 定时器0中断函数
 109          * 输    入         : 无
 110          * 输    出         : 无
 111          *******************************************************************************/
 112          void Timer0() interrupt 1
 113          {
 114   1              TH0=0Xfc;       //给定时器赋初值，定时10ms
 115   1              TL0=0X18;
 116   1              time++;
 117   1              if(time>=1000)  //1s
C51 COMPILER V9.00   MAIN                                                                  11/11/2017 12:55:10 PAGE 3   

 118   1              {
 119   2                      time=0;
 120   2                      sec++;
 121   2                      if(sec>=60)
 122   2                      {
 123   3                              sec=0;
 124   3                              min++;
 125   3                              if(min>=60)
 126   3                              {
 127   4                                      min=0;
 128   4                                      hour++;
 129   4                                      if(hour>=24)
 130   4                                      {
 131   5                                              hour=0;
 132   5                                      }
 133   4                              }
 134   3                      }       
 135   2              }       
 136   1      }


MODULE INFORMATION:   STATIC OVERLAYABLE
   CODE SIZE        =    288    ----
   CONSTANT SIZE    =     17    ----
   XDATA SIZE       =   ----    ----
   PDATA SIZE       =   ----    ----
   DATA SIZE        =     13    ----
   IDATA SIZE       =   ----    ----
   BIT SIZE         =   ----    ----
END OF MODULE INFORMATION.


C51 COMPILATION COMPLETE.  0 WARNING(S),  0 ERROR(S)
