C51 COMPILER V9.00   MAIN                                                                  11/16/2017 21:14:33 PAGE 1   


C51 COMPILER V9.00, COMPILATION OF MODULE MAIN
OBJECT MODULE PLACED IN main.OBJ
COMPILER INVOKED BY: C:\Keil\C51\BIN\C51.EXE main.c BROWSE DEBUG OBJECTEXTEND

line level    source

   1          //该板子上的O点阵为8*8，只能显示简单的一些汉子，如果要显示真正的汉字
   2          //通过取模软件取的可以选择16*16点阵的板子
   3          
   4          #include<reg51.h>
   5          #include<intrins.h>
   6          
   7          sbit SRCLK=P3^6;
   8          sbit RCLK=P3^5;
   9          sbit SER=P3^4;
  10          
  11          //--定义要使用的IO口--//
  12          #define COMMONPORTS             P0
  13          
  14          //--列选通控制--//
  15          unsigned char code TAB[8]  = {0x7f,0xbf,0xdf,0xef,0xf7,0xfb,0xfd,0xfe};
  16          
  17          //--点阵字码--//
  18          unsigned char code CHARCODE[16][8]=
  19          {
  20          
  21                           0x00,0x00,0x49,0x49,0x49,0x49,0x3e,0x00,        //3
  22          
  23                                           0x00,0x00,0x21,0x43,0x45,0x49,0x31,0x00,          //2
  24          
  25                                           0x00,0x00,0x00,0x21,0x7f,0x01,0x00,0x00,         //1
  26                                           0x00,0x40,0x40,0x20,0x00,0x00,0x00,0x00,
  27                                           0x38,0x40,0x40,0x20,0x00,0x00,0x00,0x00,
  28                                           0x38,0x44,0x42,0x21,0x00,0x00,0x00,0x00,
  29                                           0x38,0x44,0x42,0x21,0x01,0x02,0x04,0x00,
  30                                           0x38,0x44,0x42,0x21,0x01,0x02,0x04,0x38,
  31          
  32                                           0x38,0x44,0x42,0x21,0x21,0x42,0x44,0x38,
  33                                           0x38,0x7c,0x7e,0x3f,0x3f,0x7e,0x7c,0x38,
  34                                           0x70,0xf8,0xfc,0x7e,0x7e,0xfc,0xf8,0x70,
  35                                           0x38,0x7c,0x7e,0x3f,0x3f,0x7e,0x7c,0x38,
  36                                           0x70,0xf8,0xfc,0x7e,0x7e,0xfc,0xf8,0x70,
  37                                           0x38,0x7c,0x7e,0x3f,0x3f,0x7e,0x7c,0x38,
  38                                           0x70,0xf8,0xfc,0x7e,0x7e,0xfc,0xf8,0x70,
  39                                           0x38,0x7c,0x7e,0x3f,0x3f,0x7e,0x7c,0x38
  40          
  41          
  42          };
  43          void delay(unsigned int time)
  44          {
  45   1        unsigned int i,j;
  46   1        for(i=0;i<time;i++)
  47   1          for(j=0;j<121;j++);
  48   1      }
  49          
  50          /*******************************************************************************
  51          * 函数名         : Hc595SendByte(unsigned char dat)
  52          * 函数功能                 : 想74H595发送一个字节的数据
  53          * 输入           : 无
  54          * 输出           : 无
  55          *******************************************************************************/
C51 COMPILER V9.00   MAIN                                                                  11/16/2017 21:14:33 PAGE 2   

  56          void Hc595SendByte(unsigned char dat)
  57          {
  58   1              unsigned char a;
  59   1              SRCLK=0;
  60   1              RCLK=0;
  61   1              for(a=0;a<8;a++)
  62   1              {
  63   2                      SER=dat>>7;
  64   2                      dat<<=1;
  65   2      
  66   2                      SRCLK=1;
  67   2                      _nop_();
  68   2                      _nop_();
  69   2                      SRCLK=0;        
  70   2              }
  71   1      
  72   1              RCLK=1;
  73   1              _nop_();
  74   1              _nop_();
  75   1              RCLK=0;
  76   1      }
  77          /*******************************************************************************
  78          * 函数名         : main
  79          * 函数功能                 : 主函数
  80          * 输入           : 无
  81          * 输出           : 无
  82          *******************************************************************************/
  83          
  84          void main()
  85          {       
  86   1              unsigned char tab, j;
  87   1              unsigned int  i;
  88   1      
  89   1              while(1)
  90   1              {       
  91   2                      for(i= 0; i<50; i++ )   //两个字之间的扫描间隔时间
  92   2                      {
  93   3                              for(tab=0;tab<8;tab++)
  94   3                              {       
  95   4      
  96   4                                      Hc595SendByte(0x00);                         //消隐                                                                                                                             
  97   4                                      COMMONPORTS     = TAB[tab];                              //输出字码     
  98   4                                      Hc595SendByte(CHARCODE[j][tab]);        
  99   4                                      delay(2);       j++;
 100   4                      if(j ==16 ) j=0;                
 101   4                              }
 102   3                               
 103   3                      }
 104   2              
 105   2                      
 106   2              }
 107   1                      
 108   1      }


MODULE INFORMATION:   STATIC OVERLAYABLE
   CODE SIZE        =    160    ----
   CONSTANT SIZE    =    136    ----
   XDATA SIZE       =   ----    ----
   PDATA SIZE       =   ----    ----
   DATA SIZE        =   ----       3
   IDATA SIZE       =   ----    ----
C51 COMPILER V9.00   MAIN                                                                  11/16/2017 21:14:33 PAGE 3   

   BIT SIZE         =   ----    ----
END OF MODULE INFORMATION.


C51 COMPILATION COMPLETE.  0 WARNING(S),  0 ERROR(S)
